<?xml version="1.0" encoding="UTF-8"?>
<!-- Generated by org.testng.reporters.JUnitReportReporter -->
<testsuite hostname="Sherins-MacBook-Air.local" failures="0" tests="1" name="Guru99TestPackage.TC_LoginpageTitleCheck" time="4.547" errors="0" timestamp="2024-10-08T00:20:05 IST" skipped="0">
  <testcase classname="Guru99TestPackage.TC_LoginpageTitleCheck" name="TC_1_LoginPageTitleCheck" time="4.547"/>
  <system-out/>
</testsuite> <!-- Guru99TestPackage.TC_LoginpageTitleCheck -->
