<?xml version="1.0" encoding="UTF-8"?>
<!-- Generated by org.testng.reporters.JUnitReportReporter -->
<testsuite hostname="Sherins-MacBook-Air.local" failures="0" tests="1" name="MyMavenProject.NewTest" time="0.003" errors="0" timestamp="2024-10-07T23:50:52 IST" skipped="0">
  <testcase classname="MyMavenProject.NewTest" name="mainTest" time="0.003"/>
  <system-out/>
</testsuite> <!-- MyMavenProject.NewTest -->
