<?xml version="1.0" encoding="UTF-8"?>
<!-- Generated by org.testng.reporters.JUnitReportReporter -->
<testsuite hostname="Sherins-MacBook-Air.local" failures="0" tests="1" name="Guru99TestPackage.TC_LoginpageLoginFunctionality" time="6.405" errors="0" timestamp="2024-10-08T00:20:05 IST" skipped="0">
  <testcase classname="Guru99TestPackage.TC_LoginpageLoginFunctionality" name="TC_3_LoginPageLoginFuncionality" time="6.405"/>
  <system-out/>
</testsuite> <!-- Guru99TestPackage.TC_LoginpageLoginFunctionality -->
